-- The C compiler identification is GNU 11.4.0
-- The CXX compiler identification is GNU 11.4.0
-- Detecting C compiler ABI info
-- Detecting C compiler ABI info - done
-- Check for working C compiler: /usr/bin/cc - skipped
-- Detecting C compile features
-- Detecting C compile features - done
-- Detecting CXX compiler ABI info
-- Detecting CXX compiler ABI info - done
-- Check for working CXX compiler: /usr/bin/c++ - skipped
-- Detecting CXX compile features
-- Detecting CXX compile features - done
-- Found ament_cmake: 1.3.11 (/opt/ros/humble/share/ament_cmake/cmake)
-- Found Python3: /usr/bin/python3 (found version "3.10.12") found components: Interpreter 
-- Found rclcpp: 16.0.11 (/opt/ros/humble/share/rclcpp/cmake)
-- Found rosidl_generator_c: 3.1.6 (/opt/ros/humble/share/rosidl_generator_c/cmake)
-- Found rosidl_adapter: 3.1.6 (/opt/ros/humble/share/rosidl_adapter/cmake)
-- Found rosidl_generator_cpp: 3.1.6 (/opt/ros/humble/share/rosidl_generator_cpp/cmake)
-- Using all available rosidl_typesupport_c: rosidl_typesupport_fastrtps_c;rosidl_typesupport_introspection_c
-- Using all available rosidl_typesupport_cpp: rosidl_typesupport_fastrtps_cpp;rosidl_typesupport_introspection_cpp
-- Found rmw_implementation_cmake: 6.1.2 (/opt/ros/humble/share/rmw_implementation_cmake/cmake)
-- Found rmw_cyclonedds_cpp: 1.3.4 (/opt/ros/humble/share/rmw_cyclonedds_cpp/cmake)
-- Using RMW implementation 'rmw_cyclonedds_cpp' as default
-- Looking for pthread.h
-- Looking for pthread.h - found
-- Performing Test CMAKE_HAVE_LIBC_PTHREAD
-- Performing Test CMAKE_HAVE_LIBC_PTHREAD - Success
-- Found Threads: TRUE  
-- Found sensor_msgs: 4.2.4 (/opt/ros/humble/share/sensor_msgs/cmake)
-- Found cv_bridge: 3.2.1 (/opt/ros/humble/share/cv_bridge/cmake)
-- Found OpenCV: /usr (found version "4.5.4") 
-- Found image_transport: 3.1.10 (/opt/ros/humble/share/image_transport/cmake)
-- Configuring done
-- Generating done
-- Build files have been written to: /home/luis/ros2_ws/src/bottle_cap_vision/build/bottle_cap_vision
[35m[1mConsolidate compiler generated dependencies of target hsv_click_detector[0m
[35m[1mConsolidate compiler generated dependencies of target cap_dot_representation[0m
[35m[1mConsolidate compiler generated dependencies of target realsense_capture_node[0m
[35m[1mConsolidate compiler generated dependencies of target image_saver_node[0m
[ 10%] [32mBuilding CXX object CMakeFiles/test_roi.dir/src/test_roi.cpp.o[0m
[ 40%] Built target hsv_click_detector
[ 50%] Built target cap_dot_representation
[ 70%] [32mBuilding CXX object CMakeFiles/realsense_capture_node.dir/src/realsense_capture_node.cpp.o[0m
[ 80%] Built target image_saver_node
[ 90%] [32m[1mLinking CXX executable test_roi[0m
[ 90%] Built target test_roi
