-- The C compiler identification is GNU 11.4.0
-- The CXX compiler identification is GNU 11.4.0
-- Detecting C compiler ABI info
-- Detecting C compiler ABI info - done
-- Check for working C compiler: /usr/bin/cc - skipped
-- Detecting C compile features
-- Detecting C compile features - done
-- Detecting CXX compiler ABI info
-- Detecting CXX compiler ABI info - done
-- Check for working CXX compiler: /usr/bin/c++ - skipped
-- Detecting CXX compile features
-- Detecting CXX compile features - done
-- Found ament_cmake: 1.3.11 (/opt/ros/humble/share/ament_cmake/cmake)
-- Found Python3: /usr/bin/python3 (found version "3.10.12") found components: Interpreter 
-- Found rclcpp: 16.0.11 (/opt/ros/humble/share/rclcpp/cmake)
-- Found rosidl_generator_c: 3.1.6 (/opt/ros/humble/share/rosidl_generator_c/cmake)
-- Found rosidl_adapter: 3.1.6 (/opt/ros/humble/share/rosidl_adapter/cmake)
-- Found rosidl_generator_cpp: 3.1.6 (/opt/ros/humble/share/rosidl_generator_cpp/cmake)
-- Using all available rosidl_typesupport_c: rosidl_typesupport_fastrtps_c;rosidl_typesupport_introspection_c
-- Using all available rosidl_typesupport_cpp: rosidl_typesupport_fastrtps_cpp;rosidl_typesupport_introspection_cpp
-- Found rmw_implementation_cmake: 6.1.2 (/opt/ros/humble/share/rmw_implementation_cmake/cmake)
-- Found rmw_cyclonedds_cpp: 1.3.4 (/opt/ros/humble/share/rmw_cyclonedds_cpp/cmake)
-- Using RMW implementation 'rmw_cyclonedds_cpp' as default
-- Looking for pthread.h
-- Looking for pthread.h - found
-- Performing Test CMAKE_HAVE_LIBC_PTHREAD
-- Performing Test CMAKE_HAVE_LIBC_PTHREAD - Success
-- Found Threads: TRUE  
-- Found sensor_msgs: 4.2.4 (/opt/ros/humble/share/sensor_msgs/cmake)
-- Found cv_bridge: 3.2.1 (/opt/ros/humble/share/cv_bridge/cmake)
-- Found OpenCV: /usr (found version "4.5.4") 
-- Found image_transport: 3.1.10 (/opt/ros/humble/share/image_transport/cmake)
-- Configuring done
-- Generating done
-- Build files have been written to: /home/luis/ros2_ws/src/bottle_cap_vision/build/bottle_cap_vision
[35m[1mConsolidate compiler generated dependencies of target hsv_click_detector[0m
[35m[1mConsolidate compiler generated dependencies of target cap_dot_representation[0m
[35m[1mConsolidate compiler generated dependencies of target realsense_capture_node[0m
[35m[1mConsolidate compiler generated dependencies of target image_saver_node[0m
[ 25%] Built target cap_dot_representation
[ 50%] Built target hsv_click_detector
[ 87%] [32mBuilding CXX object CMakeFiles/realsense_capture_node.dir/src/realsense_capture_node.cpp.o[0m
[ 87%] Built target image_saver_node
[01m[K/home/luis/ros2_ws/src/bottle_cap_vision/src/realsense_capture_node.cpp:195:62:[m[K [01;31m[Kerror: [m[Kredeclaration of ‘[01m[Krclcpp::Subscription<sensor_msgs::msg::Image_<std::allocator<void> > >::SharedPtr RealSenseCaptureNode::subscription_[m[K’
  195 |     rclcpp::Subscription<sensor_msgs::msg::Image>::SharedPtr [01;31m[Ksubscription_[m[K;
      |                                                              [01;31m[K^~~~~~~~~~~~~[m[K
[01m[K/home/luis/ros2_ws/src/bottle_cap_vision/src/realsense_capture_node.cpp:76:62:[m[K [01;36m[Knote: [m[Kprevious declaration ‘[01m[Krclcpp::Subscription<sensor_msgs::msg::Image_<std::allocator<void> > >::SharedPtr RealSenseCaptureNode::subscription_[m[K’
   76 |     rclcpp::Subscription<sensor_msgs::msg::Image>::SharedPtr [01;36m[Ksubscription_[m[K;
      |                                                              [01;36m[K^~~~~~~~~~~~~[m[K
gmake[2]: *** [CMakeFiles/realsense_capture_node.dir/build.make:76: CMakeFiles/realsense_capture_node.dir/src/realsense_capture_node.cpp.o] Error 1
gmake[1]: *** [CMakeFiles/Makefile2:195: CMakeFiles/realsense_capture_node.dir/all] Error 2
gmake: *** [Makefile:146: all] Error 2
